2025-06-09 17:49:34,619 INFO o.a.j.u.JMeterUtils: Setting Locale to en_EN
2025-06-09 17:49:34,633 INFO o.a.j.JMeter: Loading user properties from: C:\JMeter\apache-jmeter-5.6.3\bin\user.properties
2025-06-09 17:49:34,633 INFO o.a.j.JMeter: Loading system properties from: C:\JMeter\apache-jmeter-5.6.3\bin\system.properties
2025-06-09 17:49:34,640 INFO o.a.j.JMeter: Copyright (c) 1998-2024 The Apache Software Foundation
2025-06-09 17:49:34,640 INFO o.a.j.JMeter: Version 5.6.3
2025-06-09 17:49:34,640 INFO o.a.j.JMeter: java.version=1.8.0_451
2025-06-09 17:49:34,640 INFO o.a.j.JMeter: java.vm.name=Java HotSpot(TM) 64-Bit Server VM
2025-06-09 17:49:34,640 INFO o.a.j.JMeter: os.name=Windows 11
2025-06-09 17:49:34,640 INFO o.a.j.JMeter: os.arch=amd64
2025-06-09 17:49:34,640 INFO o.a.j.JMeter: os.version=10.0
2025-06-09 17:49:34,640 INFO o.a.j.JMeter: file.encoding=Cp1252
2025-06-09 17:49:34,640 INFO o.a.j.JMeter: java.awt.headless=true
2025-06-09 17:49:34,640 INFO o.a.j.JMeter: Max memory     =1073741824
2025-06-09 17:49:34,640 INFO o.a.j.JMeter: Available Processors =12
2025-06-09 17:49:34,644 INFO o.a.j.JMeter: Default Locale=English (EN)
2025-06-09 17:49:34,645 INFO o.a.j.JMeter: JMeter  Locale=English (EN)
2025-06-09 17:49:34,645 INFO o.a.j.JMeter: JMeterHome=C:\JMeter\apache-jmeter-5.6.3
2025-06-09 17:49:34,645 INFO o.a.j.JMeter: user.dir  =C:\Users\tuul.tri\jmeter-theory-calc
2025-06-09 17:49:34,645 INFO o.a.j.JMeter: PWD       =C:\Users\tuul.tri\jmeter-theory-calc
2025-06-09 17:49:44,069 INFO o.a.j.JMeter: IP: 169.254.155.160 Name: IPSWICH FullName: IPSWICH
2025-06-09 17:49:44,086 INFO o.a.j.s.FileServer: Default base='C:\Users\tuul.tri\jmeter-theory-calc'
2025-06-09 17:49:44,088 INFO o.a.j.s.FileServer: Set new base='C:\Users\tuul.tri\jmeter-theory-calc\results'
2025-06-09 17:49:44,201 INFO o.a.j.s.SaveService: Testplan (JMX) version: 2.2. Testlog (JTL) version: 2.2
2025-06-09 17:49:44,227 INFO o.a.j.s.SaveService: Using SaveService properties file encoding UTF-8
2025-06-09 17:49:44,231 INFO o.a.j.s.SaveService: Using SaveService properties version 5.0
2025-06-09 17:49:44,237 INFO o.a.j.s.SaveService: Loading file: results\generated_test.jmx
2025-06-09 17:49:44,298 INFO o.a.j.p.h.s.HTTPSamplerBase: Parser for text/html is org.apache.jmeter.protocol.http.parser.LagartoBasedHtmlParser
2025-06-09 17:49:44,298 INFO o.a.j.p.h.s.HTTPSamplerBase: Parser for application/xhtml+xml is org.apache.jmeter.protocol.http.parser.LagartoBasedHtmlParser
2025-06-09 17:49:44,298 INFO o.a.j.p.h.s.HTTPSamplerBase: Parser for application/xml is org.apache.jmeter.protocol.http.parser.LagartoBasedHtmlParser
2025-06-09 17:49:44,298 INFO o.a.j.p.h.s.HTTPSamplerBase: Parser for text/xml is org.apache.jmeter.protocol.http.parser.LagartoBasedHtmlParser
2025-06-09 17:49:44,298 INFO o.a.j.p.h.s.HTTPSamplerBase: Parser for text/vnd.wap.wml is org.apache.jmeter.protocol.http.parser.RegexpHTMLParser
2025-06-09 17:49:44,298 INFO o.a.j.p.h.s.HTTPSamplerBase: Parser for text/css is org.apache.jmeter.protocol.http.parser.CssParser
2025-06-09 17:49:44,565 INFO o.a.j.JMeter: Creating summariser <summary>
2025-06-09 17:49:44,581 INFO o.a.j.e.StandardJMeterEngine: Running the test!
2025-06-09 17:49:44,582 INFO o.a.j.s.SampleEvent: List of sample_variables: []
2025-06-09 17:49:44,582 INFO o.a.j.s.SampleEvent: List of sample_variables: []
2025-06-09 17:49:44,587 INFO o.a.j.e.u.CompoundVariable: Note: Function class names must contain the string: '.functions.'
2025-06-09 17:49:44,587 INFO o.a.j.e.u.CompoundVariable: Note: Function class names must not contain the string: '.gui.'
2025-06-09 17:49:44,854 INFO o.a.j.JMeter: Running test (1749466184854)
2025-06-09 17:49:44,896 INFO o.a.j.e.StandardJMeterEngine: Starting ThreadGroup: 1 : User Load
2025-06-09 17:49:44,896 INFO o.a.j.e.StandardJMeterEngine: Starting 100 threads for group User Load.
2025-06-09 17:49:44,897 INFO o.a.j.e.StandardJMeterEngine: Thread will continue on error
2025-06-09 17:49:44,897 INFO o.a.j.t.ThreadGroup: Starting thread group... number=1 threads=100 ramp-up=10 delayedStart=false
2025-06-09 17:49:44,906 INFO o.a.j.t.JMeterThread: Thread started: User Load 1-1
2025-06-09 17:49:44,933 INFO o.a.j.t.ThreadGroup: Started thread group number 1
2025-06-09 17:49:44,933 INFO o.a.j.e.StandardJMeterEngine: All thread groups have been started
2025-06-09 17:49:45,002 INFO o.a.j.t.JMeterThread: Thread started: User Load 1-2
2025-06-09 17:49:45,102 INFO o.a.j.t.JMeterThread: Thread started: User Load 1-3
2025-06-09 17:49:45,202 INFO o.a.j.t.JMeterThread: Thread started: User Load 1-4
2025-06-09 17:49:45,301 INFO o.a.j.t.JMeterThread: Thread started: User Load 1-5
2025-06-09 17:49:45,401 INFO o.a.j.t.JMeterThread: Thread started: User Load 1-6
2025-06-09 17:49:45,500 INFO o.a.j.t.JMeterThread: Thread started: User Load 1-7
2025-06-09 17:49:45,600 INFO o.a.j.t.JMeterThread: Thread started: User Load 1-8
2025-06-09 17:49:45,699 INFO o.a.j.t.JMeterThread: Thread started: User Load 1-9
2025-06-09 17:49:45,799 INFO o.a.j.t.JMeterThread: Thread started: User Load 1-10
2025-06-09 17:49:45,900 INFO o.a.j.t.JMeterThread: Thread started: User Load 1-11
2025-06-09 17:49:45,928 INFO o.a.j.p.h.s.HTTPHCAbstractImpl: Local host = IPSWICH
2025-06-09 17:49:45,935 INFO o.a.j.p.h.s.HTTPHC4Impl: HTTP request retry count = 0
2025-06-09 17:49:45,936 INFO o.a.j.s.SampleResult: Note: Sample TimeStamps are START times
2025-06-09 17:49:45,936 INFO o.a.j.s.SampleResult: sampleresult.default.encoding is set to UTF-8
2025-06-09 17:49:45,936 INFO o.a.j.s.SampleResult: sampleresult.useNanoTime=true
2025-06-09 17:49:45,937 INFO o.a.j.s.SampleResult: sampleresult.nanoThreadSleep=5000
2025-06-09 17:49:45,999 INFO o.a.j.t.JMeterThread: Thread started: User Load 1-12
2025-06-09 17:49:46,098 INFO o.a.j.t.JMeterThread: Thread started: User Load 1-13
2025-06-09 17:49:46,200 INFO o.a.j.t.JMeterThread: Thread started: User Load 1-14
2025-06-09 17:49:46,298 INFO o.a.j.t.JMeterThread: Thread started: User Load 1-15
2025-06-09 17:49:46,398 INFO o.a.j.t.JMeterThread: Thread started: User Load 1-16
2025-06-09 17:49:46,497 INFO o.a.j.t.JMeterThread: Thread started: User Load 1-17
2025-06-09 17:49:46,597 INFO o.a.j.t.JMeterThread: Thread started: User Load 1-18
2025-06-09 17:49:46,698 INFO o.a.j.t.JMeterThread: Thread started: User Load 1-19
2025-06-09 17:49:46,799 INFO o.a.j.t.JMeterThread: Thread started: User Load 1-20
2025-06-09 17:49:46,897 INFO o.a.j.t.JMeterThread: Thread started: User Load 1-21
2025-06-09 17:49:46,998 INFO o.a.j.t.JMeterThread: Thread started: User Load 1-22
2025-06-09 17:49:47,098 INFO o.a.j.t.JMeterThread: Thread started: User Load 1-23
2025-06-09 17:49:47,199 INFO o.a.j.t.JMeterThread: Thread started: User Load 1-24
2025-06-09 17:49:47,298 INFO o.a.j.t.JMeterThread: Thread started: User Load 1-25
2025-06-09 17:49:47,399 INFO o.a.j.t.JMeterThread: Thread started: User Load 1-26
2025-06-09 17:49:47,498 INFO o.a.j.t.JMeterThread: Thread started: User Load 1-27
2025-06-09 17:49:47,598 INFO o.a.j.t.JMeterThread: Thread started: User Load 1-28
2025-06-09 17:49:47,698 INFO o.a.j.t.JMeterThread: Thread started: User Load 1-29
2025-06-09 17:49:47,798 INFO o.a.j.t.JMeterThread: Thread started: User Load 1-30
2025-06-09 17:49:47,899 INFO o.a.j.t.JMeterThread: Thread started: User Load 1-31
2025-06-09 17:49:47,998 INFO o.a.j.t.JMeterThread: Thread started: User Load 1-32
2025-06-09 17:49:48,097 INFO o.a.j.t.JMeterThread: Thread started: User Load 1-33
2025-06-09 17:49:48,198 INFO o.a.j.t.JMeterThread: Thread started: User Load 1-34
2025-06-09 17:49:48,298 INFO o.a.j.t.JMeterThread: Thread started: User Load 1-35
2025-06-09 17:49:48,399 INFO o.a.j.t.JMeterThread: Thread started: User Load 1-36
2025-06-09 17:49:48,498 INFO o.a.j.t.JMeterThread: Thread started: User Load 1-37
2025-06-09 17:49:48,597 INFO o.a.j.t.JMeterThread: Thread started: User Load 1-38
2025-06-09 17:49:48,697 INFO o.a.j.t.JMeterThread: Thread started: User Load 1-39
2025-06-09 17:49:48,799 INFO o.a.j.t.JMeterThread: Thread started: User Load 1-40
2025-06-09 17:49:48,899 INFO o.a.j.t.JMeterThread: Thread started: User Load 1-41
2025-06-09 17:49:48,997 INFO o.a.j.t.JMeterThread: Thread started: User Load 1-42
2025-06-09 17:49:49,097 INFO o.a.j.t.JMeterThread: Thread started: User Load 1-43
2025-06-09 17:49:49,198 INFO o.a.j.t.JMeterThread: Thread started: User Load 1-44
2025-06-09 17:49:49,298 INFO o.a.j.t.JMeterThread: Thread started: User Load 1-45
2025-06-09 17:49:49,398 INFO o.a.j.t.JMeterThread: Thread started: User Load 1-46
2025-06-09 17:49:49,497 INFO o.a.j.t.JMeterThread: Thread started: User Load 1-47
2025-06-09 17:49:49,597 INFO o.a.j.t.JMeterThread: Thread started: User Load 1-48
2025-06-09 17:49:49,698 INFO o.a.j.t.JMeterThread: Thread started: User Load 1-49
2025-06-09 17:49:49,798 INFO o.a.j.t.JMeterThread: Thread started: User Load 1-50
2025-06-09 17:49:49,897 INFO o.a.j.t.JMeterThread: Thread started: User Load 1-51
2025-06-09 17:49:49,998 INFO o.a.j.t.JMeterThread: Thread started: User Load 1-52
2025-06-09 17:49:50,099 INFO o.a.j.t.JMeterThread: Thread started: User Load 1-53
2025-06-09 17:49:50,197 INFO o.a.j.t.JMeterThread: Thread started: User Load 1-54
2025-06-09 17:49:50,298 INFO o.a.j.t.JMeterThread: Thread started: User Load 1-55
2025-06-09 17:49:50,398 INFO o.a.j.t.JMeterThread: Thread started: User Load 1-56
2025-06-09 17:49:50,498 INFO o.a.j.t.JMeterThread: Thread started: User Load 1-57
2025-06-09 17:49:50,598 INFO o.a.j.t.JMeterThread: Thread started: User Load 1-58
2025-06-09 17:49:50,697 INFO o.a.j.t.JMeterThread: Thread started: User Load 1-59
2025-06-09 17:49:50,799 INFO o.a.j.t.JMeterThread: Thread started: User Load 1-60
2025-06-09 17:49:50,899 INFO o.a.j.t.JMeterThread: Thread started: User Load 1-61
2025-06-09 17:49:50,997 INFO o.a.j.t.JMeterThread: Thread started: User Load 1-62
2025-06-09 17:49:51,097 INFO o.a.j.t.JMeterThread: Thread started: User Load 1-63
2025-06-09 17:49:51,197 INFO o.a.j.t.JMeterThread: Thread started: User Load 1-64
2025-06-09 17:49:51,298 INFO o.a.j.t.JMeterThread: Thread started: User Load 1-65
2025-06-09 17:49:51,399 INFO o.a.j.t.JMeterThread: Thread started: User Load 1-66
2025-06-09 17:49:51,497 INFO o.a.j.t.JMeterThread: Thread started: User Load 1-67
2025-06-09 17:49:51,598 INFO o.a.j.t.JMeterThread: Thread started: User Load 1-68
2025-06-09 17:49:51,697 INFO o.a.j.t.JMeterThread: Thread started: User Load 1-69
2025-06-09 17:49:51,797 INFO o.a.j.t.JMeterThread: Thread started: User Load 1-70
2025-06-09 17:49:51,898 INFO o.a.j.t.JMeterThread: Thread started: User Load 1-71
2025-06-09 17:49:51,998 INFO o.a.j.t.JMeterThread: Thread started: User Load 1-72
2025-06-09 17:49:52,098 INFO o.a.j.t.JMeterThread: Thread started: User Load 1-73
2025-06-09 17:49:52,197 INFO o.a.j.t.JMeterThread: Thread started: User Load 1-74
2025-06-09 17:49:52,298 INFO o.a.j.t.JMeterThread: Thread started: User Load 1-75
2025-06-09 17:49:52,398 INFO o.a.j.t.JMeterThread: Thread started: User Load 1-76
2025-06-09 17:49:52,497 INFO o.a.j.t.JMeterThread: Thread started: User Load 1-77
2025-06-09 17:49:52,598 INFO o.a.j.t.JMeterThread: Thread started: User Load 1-78
2025-06-09 17:49:52,697 INFO o.a.j.t.JMeterThread: Thread started: User Load 1-79
2025-06-09 17:49:52,797 INFO o.a.j.t.JMeterThread: Thread started: User Load 1-80
2025-06-09 17:49:52,899 INFO o.a.j.t.JMeterThread: Thread started: User Load 1-81
2025-06-09 17:49:52,998 INFO o.a.j.t.JMeterThread: Thread started: User Load 1-82
2025-06-09 17:49:53,098 INFO o.a.j.t.JMeterThread: Thread started: User Load 1-83
2025-06-09 17:49:53,198 INFO o.a.j.t.JMeterThread: Thread started: User Load 1-84
2025-06-09 17:49:53,298 INFO o.a.j.t.JMeterThread: Thread started: User Load 1-85
2025-06-09 17:49:53,400 INFO o.a.j.t.JMeterThread: Thread started: User Load 1-86
2025-06-09 17:49:53,500 INFO o.a.j.t.JMeterThread: Thread started: User Load 1-87
2025-06-09 17:49:53,598 INFO o.a.j.t.JMeterThread: Thread started: User Load 1-88
2025-06-09 17:49:53,698 INFO o.a.j.t.JMeterThread: Thread started: User Load 1-89
2025-06-09 17:49:53,798 INFO o.a.j.t.JMeterThread: Thread started: User Load 1-90
2025-06-09 17:49:53,898 INFO o.a.j.t.JMeterThread: Thread started: User Load 1-91
2025-06-09 17:49:53,998 INFO o.a.j.t.JMeterThread: Thread started: User Load 1-92
2025-06-09 17:49:54,098 INFO o.a.j.t.JMeterThread: Thread started: User Load 1-93
2025-06-09 17:49:54,197 INFO o.a.j.t.JMeterThread: Thread started: User Load 1-94
2025-06-09 17:49:54,297 INFO o.a.j.t.JMeterThread: Thread started: User Load 1-95
2025-06-09 17:49:54,399 INFO o.a.j.t.JMeterThread: Thread started: User Load 1-96
2025-06-09 17:49:54,498 INFO o.a.j.t.JMeterThread: Thread started: User Load 1-97
2025-06-09 17:49:54,597 INFO o.a.j.t.JMeterThread: Thread started: User Load 1-98
2025-06-09 17:49:54,697 INFO o.a.j.t.JMeterThread: Thread started: User Load 1-99
2025-06-09 17:49:54,797 INFO o.a.j.t.JMeterThread: Thread started: User Load 1-100
2025-06-09 17:50:00,017 INFO o.a.j.r.Summariser: summary +    960 in 00:00:15 =   63.3/s Avg:     2 Min:     1 Max:    39 Err:     0 (0.00%) Active: 100 Started: 100 Finished: 0
2025-06-09 17:50:30,093 INFO o.a.j.r.Summariser: summary +   2997 in 00:00:30 =   99.6/s Avg:     3 Min:     1 Max:   505 Err:     0 (0.00%) Active: 100 Started: 100 Finished: 0
2025-06-09 17:50:30,094 INFO o.a.j.r.Summariser: summary =   3957 in 00:00:45 =   87.5/s Avg:     2 Min:     1 Max:   505 Err:     0 (0.00%)
2025-06-09 17:50:45,162 INFO o.a.j.t.JMeterThread: Thread is done: User Load 1-2
2025-06-09 17:50:45,162 INFO o.a.j.t.JMeterThread: Thread finished: User Load 1-2
2025-06-09 17:50:45,166 INFO o.a.j.t.JMeterThread: Thread is done: User Load 1-1
2025-06-09 17:50:45,166 INFO o.a.j.t.JMeterThread: Thread finished: User Load 1-1
2025-06-09 17:50:45,232 INFO o.a.j.t.JMeterThread: Thread is done: User Load 1-3
2025-06-09 17:50:45,232 INFO o.a.j.t.JMeterThread: Thread finished: User Load 1-3
2025-06-09 17:50:45,358 INFO o.a.j.t.JMeterThread: Thread is done: User Load 1-4
2025-06-09 17:50:45,358 INFO o.a.j.t.JMeterThread: Thread finished: User Load 1-4
2025-06-09 17:50:45,638 INFO o.a.j.t.JMeterThread: Thread is done: User Load 1-7
2025-06-09 17:50:45,638 INFO o.a.j.t.JMeterThread: Thread finished: User Load 1-7
2025-06-09 17:50:45,736 INFO o.a.j.t.JMeterThread: Thread is done: User Load 1-8
2025-06-09 17:50:45,736 INFO o.a.j.t.JMeterThread: Thread finished: User Load 1-8
2025-06-09 17:50:45,827 INFO o.a.j.t.JMeterThread: Thread is done: User Load 1-9
2025-06-09 17:50:45,827 INFO o.a.j.t.JMeterThread: Thread finished: User Load 1-9
2025-06-09 17:50:45,928 INFO o.a.j.t.JMeterThread: Thread is done: User Load 1-5
2025-06-09 17:50:45,928 INFO o.a.j.t.JMeterThread: Thread finished: User Load 1-5
2025-06-09 17:50:46,026 INFO o.a.j.t.JMeterThread: Thread is done: User Load 1-11
2025-06-09 17:50:46,026 INFO o.a.j.t.JMeterThread: Thread finished: User Load 1-11
2025-06-09 17:50:46,030 INFO o.a.j.t.JMeterThread: Thread is done: User Load 1-6
2025-06-09 17:50:46,030 INFO o.a.j.t.JMeterThread: Thread finished: User Load 1-6
2025-06-09 17:50:46,134 INFO o.a.j.t.JMeterThread: Thread is done: User Load 1-12
2025-06-09 17:50:46,134 INFO o.a.j.t.JMeterThread: Thread finished: User Load 1-12
2025-06-09 17:50:46,234 INFO o.a.j.t.JMeterThread: Thread is done: User Load 1-13
2025-06-09 17:50:46,234 INFO o.a.j.t.JMeterThread: Thread finished: User Load 1-13
2025-06-09 17:50:46,360 INFO o.a.j.t.JMeterThread: Thread is done: User Load 1-14
2025-06-09 17:50:46,360 INFO o.a.j.t.JMeterThread: Thread finished: User Load 1-14
2025-06-09 17:50:46,436 INFO o.a.j.t.JMeterThread: Thread is done: User Load 1-10
2025-06-09 17:50:46,436 INFO o.a.j.t.JMeterThread: Thread finished: User Load 1-10
2025-06-09 17:50:46,437 INFO o.a.j.t.JMeterThread: Thread is done: User Load 1-15
2025-06-09 17:50:46,437 INFO o.a.j.t.JMeterThread: Thread finished: User Load 1-15
2025-06-09 17:50:46,540 INFO o.a.j.t.JMeterThread: Thread is done: User Load 1-16
2025-06-09 17:50:46,540 INFO o.a.j.t.JMeterThread: Thread finished: User Load 1-16
2025-06-09 17:50:46,630 INFO o.a.j.t.JMeterThread: Thread is done: User Load 1-17
2025-06-09 17:50:46,631 INFO o.a.j.t.JMeterThread: Thread finished: User Load 1-17
2025-06-09 17:50:46,735 INFO o.a.j.t.JMeterThread: Thread is done: User Load 1-18
2025-06-09 17:50:46,735 INFO o.a.j.t.JMeterThread: Thread finished: User Load 1-18
2025-06-09 17:50:46,932 INFO o.a.j.t.JMeterThread: Thread is done: User Load 1-20
2025-06-09 17:50:46,932 INFO o.a.j.t.JMeterThread: Thread finished: User Load 1-20
2025-06-09 17:50:47,027 INFO o.a.j.t.JMeterThread: Thread is done: User Load 1-21
2025-06-09 17:50:47,027 INFO o.a.j.t.JMeterThread: Thread finished: User Load 1-21
2025-06-09 17:50:47,332 INFO o.a.j.t.JMeterThread: Thread is done: User Load 1-19
2025-06-09 17:50:47,332 INFO o.a.j.t.JMeterThread: Thread finished: User Load 1-19
2025-06-09 17:50:47,366 INFO o.a.j.t.JMeterThread: Thread is done: User Load 1-24
2025-06-09 17:50:47,366 INFO o.a.j.t.JMeterThread: Thread finished: User Load 1-24
2025-06-09 17:50:47,632 INFO o.a.j.t.JMeterThread: Thread is done: User Load 1-22
2025-06-09 17:50:47,632 INFO o.a.j.t.JMeterThread: Thread finished: User Load 1-22
2025-06-09 17:50:47,636 INFO o.a.j.t.JMeterThread: Thread is done: User Load 1-27
2025-06-09 17:50:47,636 INFO o.a.j.t.JMeterThread: Thread finished: User Load 1-27
2025-06-09 17:50:47,738 INFO o.a.j.t.JMeterThread: Thread is done: User Load 1-23
2025-06-09 17:50:47,738 INFO o.a.j.t.JMeterThread: Thread finished: User Load 1-23
2025-06-09 17:50:47,740 INFO o.a.j.t.JMeterThread: Thread is done: User Load 1-28
2025-06-09 17:50:47,740 INFO o.a.j.t.JMeterThread: Thread finished: User Load 1-28
2025-06-09 17:50:47,834 INFO o.a.j.t.JMeterThread: Thread is done: User Load 1-29
2025-06-09 17:50:47,834 INFO o.a.j.t.JMeterThread: Thread finished: User Load 1-29
2025-06-09 17:50:47,932 INFO o.a.j.t.JMeterThread: Thread is done: User Load 1-30
2025-06-09 17:50:47,932 INFO o.a.j.t.JMeterThread: Thread finished: User Load 1-30
2025-06-09 17:50:47,935 INFO o.a.j.t.JMeterThread: Thread is done: User Load 1-25
2025-06-09 17:50:47,935 INFO o.a.j.t.JMeterThread: Thread finished: User Load 1-25
2025-06-09 17:50:48,029 INFO o.a.j.t.JMeterThread: Thread is done: User Load 1-31
2025-06-09 17:50:48,029 INFO o.a.j.t.JMeterThread: Thread finished: User Load 1-31
2025-06-09 17:50:48,033 INFO o.a.j.t.JMeterThread: Thread is done: User Load 1-26
2025-06-09 17:50:48,033 INFO o.a.j.t.JMeterThread: Thread finished: User Load 1-26
2025-06-09 17:50:48,239 INFO o.a.j.t.JMeterThread: Thread is done: User Load 1-33
2025-06-09 17:50:48,239 INFO o.a.j.t.JMeterThread: Thread finished: User Load 1-33
2025-06-09 17:50:48,332 INFO o.a.j.t.JMeterThread: Thread is done: User Load 1-34
2025-06-09 17:50:48,333 INFO o.a.j.t.JMeterThread: Thread finished: User Load 1-34
2025-06-09 17:50:48,440 INFO o.a.j.t.JMeterThread: Thread is done: User Load 1-35
2025-06-09 17:50:48,440 INFO o.a.j.t.JMeterThread: Thread finished: User Load 1-35
2025-06-09 17:50:48,544 INFO o.a.j.t.JMeterThread: Thread is done: User Load 1-36
2025-06-09 17:50:48,544 INFO o.a.j.t.JMeterThread: Thread finished: User Load 1-36
2025-06-09 17:50:48,639 INFO o.a.j.t.JMeterThread: Thread is done: User Load 1-32
2025-06-09 17:50:48,639 INFO o.a.j.t.JMeterThread: Thread finished: User Load 1-32
2025-06-09 17:50:48,646 INFO o.a.j.t.JMeterThread: Thread is done: User Load 1-37
2025-06-09 17:50:48,646 INFO o.a.j.t.JMeterThread: Thread finished: User Load 1-37
2025-06-09 17:50:48,743 INFO o.a.j.t.JMeterThread: Thread is done: User Load 1-38
2025-06-09 17:50:48,743 INFO o.a.j.t.JMeterThread: Thread finished: User Load 1-38
2025-06-09 17:50:48,832 INFO o.a.j.t.JMeterThread: Thread is done: User Load 1-39
2025-06-09 17:50:48,832 INFO o.a.j.t.JMeterThread: Thread finished: User Load 1-39
2025-06-09 17:50:48,935 INFO o.a.j.t.JMeterThread: Thread is done: User Load 1-40
2025-06-09 17:50:48,935 INFO o.a.j.t.JMeterThread: Thread finished: User Load 1-40
2025-06-09 17:50:49,024 INFO o.a.j.t.JMeterThread: Thread is done: User Load 1-41
2025-06-09 17:50:49,025 INFO o.a.j.t.JMeterThread: Thread finished: User Load 1-41
2025-06-09 17:50:49,139 INFO o.a.j.t.JMeterThread: Thread is done: User Load 1-42
2025-06-09 17:50:49,139 INFO o.a.j.t.JMeterThread: Thread finished: User Load 1-42
2025-06-09 17:50:49,336 INFO o.a.j.t.JMeterThread: Thread is done: User Load 1-44
2025-06-09 17:50:49,336 INFO o.a.j.t.JMeterThread: Thread finished: User Load 1-44
2025-06-09 17:50:49,441 INFO o.a.j.t.JMeterThread: Thread is done: User Load 1-45
2025-06-09 17:50:49,442 INFO o.a.j.t.JMeterThread: Thread finished: User Load 1-45
2025-06-09 17:50:49,547 INFO o.a.j.t.JMeterThread: Thread is done: User Load 1-46
2025-06-09 17:50:49,547 INFO o.a.j.t.JMeterThread: Thread finished: User Load 1-46
2025-06-09 17:50:49,640 INFO o.a.j.t.JMeterThread: Thread is done: User Load 1-47
2025-06-09 17:50:49,640 INFO o.a.j.t.JMeterThread: Thread finished: User Load 1-47
2025-06-09 17:50:49,748 INFO o.a.j.t.JMeterThread: Thread is done: User Load 1-48
2025-06-09 17:50:49,748 INFO o.a.j.t.JMeterThread: Thread finished: User Load 1-48
2025-06-09 17:50:49,748 INFO o.a.j.t.JMeterThread: Thread is done: User Load 1-43
2025-06-09 17:50:49,748 INFO o.a.j.t.JMeterThread: Thread finished: User Load 1-43
2025-06-09 17:50:49,839 INFO o.a.j.t.JMeterThread: Thread is done: User Load 1-49
2025-06-09 17:50:49,839 INFO o.a.j.t.JMeterThread: Thread finished: User Load 1-49
2025-06-09 17:50:50,029 INFO o.a.j.t.JMeterThread: Thread is done: User Load 1-51
2025-06-09 17:50:50,029 INFO o.a.j.t.JMeterThread: Thread finished: User Load 1-51
2025-06-09 17:50:50,145 INFO o.a.j.t.JMeterThread: Thread is done: User Load 1-52
2025-06-09 17:50:50,145 INFO o.a.j.t.JMeterThread: Thread finished: User Load 1-52
2025-06-09 17:50:50,243 INFO o.a.j.t.JMeterThread: Thread is done: User Load 1-53
2025-06-09 17:50:50,243 INFO o.a.j.t.JMeterThread: Thread finished: User Load 1-53
2025-06-09 17:50:50,337 INFO o.a.j.t.JMeterThread: Thread is done: User Load 1-54
2025-06-09 17:50:50,337 INFO o.a.j.t.JMeterThread: Thread finished: User Load 1-54
2025-06-09 17:50:50,437 INFO o.a.j.t.JMeterThread: Thread is done: User Load 1-50
2025-06-09 17:50:50,437 INFO o.a.j.t.JMeterThread: Thread finished: User Load 1-50
2025-06-09 17:50:50,549 INFO o.a.j.t.JMeterThread: Thread is done: User Load 1-56
2025-06-09 17:50:50,549 INFO o.a.j.t.JMeterThread: Thread finished: User Load 1-56
2025-06-09 17:50:50,639 INFO o.a.j.t.JMeterThread: Thread is done: User Load 1-57
2025-06-09 17:50:50,639 INFO o.a.j.t.JMeterThread: Thread finished: User Load 1-57
2025-06-09 17:50:50,745 INFO o.a.j.t.JMeterThread: Thread is done: User Load 1-58
2025-06-09 17:50:50,745 INFO o.a.j.t.JMeterThread: Thread finished: User Load 1-58
2025-06-09 17:50:51,029 INFO o.a.j.t.JMeterThread: Thread is done: User Load 1-61
2025-06-09 17:50:51,029 INFO o.a.j.t.JMeterThread: Thread finished: User Load 1-61
2025-06-09 17:50:51,243 INFO o.a.j.t.JMeterThread: Thread is done: User Load 1-63
2025-06-09 17:50:51,243 INFO o.a.j.t.JMeterThread: Thread finished: User Load 1-63
2025-06-09 17:50:51,340 INFO o.a.j.t.JMeterThread: Thread is done: User Load 1-64
2025-06-09 17:50:51,341 INFO o.a.j.t.JMeterThread: Thread finished: User Load 1-64
2025-06-09 17:50:51,341 INFO o.a.j.t.JMeterThread: Thread is done: User Load 1-59
2025-06-09 17:50:51,341 INFO o.a.j.t.JMeterThread: Thread finished: User Load 1-59
2025-06-09 17:50:51,439 INFO o.a.j.t.JMeterThread: Thread is done: User Load 1-60
2025-06-09 17:50:51,439 INFO o.a.j.t.JMeterThread: Thread finished: User Load 1-60
2025-06-09 17:50:51,439 INFO o.a.j.t.JMeterThread: Thread is done: User Load 1-55
2025-06-09 17:50:51,439 INFO o.a.j.t.JMeterThread: Thread finished: User Load 1-55
2025-06-09 17:50:51,440 INFO o.a.j.t.JMeterThread: Thread is done: User Load 1-65
2025-06-09 17:50:51,440 INFO o.a.j.t.JMeterThread: Thread finished: User Load 1-65
2025-06-09 17:50:51,551 INFO o.a.j.t.JMeterThread: Thread is done: User Load 1-66
2025-06-09 17:50:51,551 INFO o.a.j.t.JMeterThread: Thread finished: User Load 1-66
2025-06-09 17:50:51,642 INFO o.a.j.t.JMeterThread: Thread is done: User Load 1-67
2025-06-09 17:50:51,642 INFO o.a.j.t.JMeterThread: Thread finished: User Load 1-67
2025-06-09 17:50:51,645 INFO o.a.j.t.JMeterThread: Thread is done: User Load 1-62
2025-06-09 17:50:51,645 INFO o.a.j.t.JMeterThread: Thread finished: User Load 1-62
2025-06-09 17:50:51,748 INFO o.a.j.t.JMeterThread: Thread is done: User Load 1-68
2025-06-09 17:50:51,748 INFO o.a.j.t.JMeterThread: Thread finished: User Load 1-68
2025-06-09 17:50:51,843 INFO o.a.j.t.JMeterThread: Thread is done: User Load 1-69
2025-06-09 17:50:51,843 INFO o.a.j.t.JMeterThread: Thread finished: User Load 1-69
2025-06-09 17:50:51,943 INFO o.a.j.t.JMeterThread: Thread is done: User Load 1-70
2025-06-09 17:50:51,943 INFO o.a.j.t.JMeterThread: Thread finished: User Load 1-70
2025-06-09 17:50:52,032 INFO o.a.j.t.JMeterThread: Thread is done: User Load 1-71
2025-06-09 17:50:52,033 INFO o.a.j.t.JMeterThread: Thread finished: User Load 1-71
2025-06-09 17:50:52,149 INFO o.a.j.t.JMeterThread: Thread is done: User Load 1-72
2025-06-09 17:50:52,149 INFO o.a.j.t.JMeterThread: Thread finished: User Load 1-72
2025-06-09 17:50:52,247 INFO o.a.j.t.JMeterThread: Thread is done: User Load 1-73
2025-06-09 17:50:52,247 INFO o.a.j.t.JMeterThread: Thread finished: User Load 1-73
2025-06-09 17:50:52,342 INFO o.a.j.t.JMeterThread: Thread is done: User Load 1-74
2025-06-09 17:50:52,342 INFO o.a.j.t.JMeterThread: Thread finished: User Load 1-74
2025-06-09 17:50:52,554 INFO o.a.j.t.JMeterThread: Thread is done: User Load 1-76
2025-06-09 17:50:52,554 INFO o.a.j.t.JMeterThread: Thread finished: User Load 1-76
2025-06-09 17:50:52,643 INFO o.a.j.t.JMeterThread: Thread is done: User Load 1-77
2025-06-09 17:50:52,644 INFO o.a.j.t.JMeterThread: Thread finished: User Load 1-77
2025-06-09 17:50:52,751 INFO o.a.j.t.JMeterThread: Thread is done: User Load 1-78
2025-06-09 17:50:52,751 INFO o.a.j.t.JMeterThread: Thread finished: User Load 1-78
2025-06-09 17:50:52,845 INFO o.a.j.t.JMeterThread: Thread is done: User Load 1-79
2025-06-09 17:50:52,846 INFO o.a.j.t.JMeterThread: Thread finished: User Load 1-79
2025-06-09 17:50:52,945 INFO o.a.j.t.JMeterThread: Thread is done: User Load 1-75
2025-06-09 17:50:52,945 INFO o.a.j.t.JMeterThread: Thread finished: User Load 1-75
2025-06-09 17:50:53,035 INFO o.a.j.t.JMeterThread: Thread is done: User Load 1-81
2025-06-09 17:50:53,035 INFO o.a.j.t.JMeterThread: Thread finished: User Load 1-81
2025-06-09 17:50:53,152 INFO o.a.j.t.JMeterThread: Thread is done: User Load 1-82
2025-06-09 17:50:53,152 INFO o.a.j.t.JMeterThread: Thread finished: User Load 1-82
2025-06-09 17:50:53,249 INFO o.a.j.t.JMeterThread: Thread is done: User Load 1-83
2025-06-09 17:50:53,249 INFO o.a.j.t.JMeterThread: Thread finished: User Load 1-83
2025-06-09 17:50:53,345 INFO o.a.j.t.JMeterThread: Thread is done: User Load 1-84
2025-06-09 17:50:53,345 INFO o.a.j.t.JMeterThread: Thread finished: User Load 1-84
2025-06-09 17:50:53,443 INFO o.a.j.t.JMeterThread: Thread is done: User Load 1-80
2025-06-09 17:50:53,443 INFO o.a.j.t.JMeterThread: Thread finished: User Load 1-80
2025-06-09 17:50:53,557 INFO o.a.j.t.JMeterThread: Thread is done: User Load 1-86
2025-06-09 17:50:53,557 INFO o.a.j.t.JMeterThread: Thread finished: User Load 1-86
2025-06-09 17:50:53,653 INFO o.a.j.t.JMeterThread: Thread is done: User Load 1-87
2025-06-09 17:50:53,653 INFO o.a.j.t.JMeterThread: Thread finished: User Load 1-87
2025-06-09 17:50:53,754 INFO o.a.j.t.JMeterThread: Thread is done: User Load 1-88
2025-06-09 17:50:53,754 INFO o.a.j.t.JMeterThread: Thread finished: User Load 1-88
2025-06-09 17:50:53,848 INFO o.a.j.t.JMeterThread: Thread is done: User Load 1-89
2025-06-09 17:50:53,848 INFO o.a.j.t.JMeterThread: Thread finished: User Load 1-89
2025-06-09 17:50:53,947 INFO o.a.j.t.JMeterThread: Thread is done: User Load 1-90
2025-06-09 17:50:53,947 INFO o.a.j.t.JMeterThread: Thread finished: User Load 1-90
2025-06-09 17:50:53,947 INFO o.a.j.t.JMeterThread: Thread is done: User Load 1-85
2025-06-09 17:50:53,947 INFO o.a.j.t.JMeterThread: Thread finished: User Load 1-85
2025-06-09 17:50:54,035 INFO o.a.j.t.JMeterThread: Thread is done: User Load 1-91
2025-06-09 17:50:54,036 INFO o.a.j.t.JMeterThread: Thread finished: User Load 1-91
2025-06-09 17:50:54,153 INFO o.a.j.t.JMeterThread: Thread is done: User Load 1-92
2025-06-09 17:50:54,154 INFO o.a.j.t.JMeterThread: Thread finished: User Load 1-92
2025-06-09 17:50:54,249 INFO o.a.j.t.JMeterThread: Thread is done: User Load 1-93
2025-06-09 17:50:54,249 INFO o.a.j.t.JMeterThread: Thread finished: User Load 1-93
2025-06-09 17:50:54,346 INFO o.a.j.t.JMeterThread: Thread is done: User Load 1-94
2025-06-09 17:50:54,346 INFO o.a.j.t.JMeterThread: Thread finished: User Load 1-94
2025-06-09 17:50:54,448 INFO o.a.j.t.JMeterThread: Thread is done: User Load 1-95
2025-06-09 17:50:54,448 INFO o.a.j.t.JMeterThread: Thread finished: User Load 1-95
2025-06-09 17:50:54,557 INFO o.a.j.t.JMeterThread: Thread is done: User Load 1-96
2025-06-09 17:50:54,557 INFO o.a.j.t.JMeterThread: Thread finished: User Load 1-96
2025-06-09 17:50:54,650 INFO o.a.j.t.JMeterThread: Thread is done: User Load 1-97
2025-06-09 17:50:54,650 INFO o.a.j.t.JMeterThread: Thread finished: User Load 1-97
2025-06-09 17:50:54,753 INFO o.a.j.t.JMeterThread: Thread is done: User Load 1-98
2025-06-09 17:50:54,753 INFO o.a.j.t.JMeterThread: Thread finished: User Load 1-98
2025-06-09 17:50:54,848 INFO o.a.j.t.JMeterThread: Thread is done: User Load 1-99
2025-06-09 17:50:54,848 INFO o.a.j.t.JMeterThread: Thread finished: User Load 1-99
2025-06-09 17:50:54,948 INFO o.a.j.t.JMeterThread: Thread is done: User Load 1-100
2025-06-09 17:50:54,948 INFO o.a.j.t.JMeterThread: Thread finished: User Load 1-100
2025-06-09 17:50:54,949 INFO o.a.j.e.StandardJMeterEngine: Notifying test listeners of end of test
2025-06-09 17:50:54,949 INFO o.a.j.r.Summariser: summary +   2043 in 00:00:25 =   82.2/s Avg:     5 Min:     1 Max:   504 Err:     0 (0.00%) Active: 0 Started: 100 Finished: 100
2025-06-09 17:50:54,949 INFO o.a.j.r.Summariser: summary =   6000 in 00:01:10 =   85.6/s Avg:     3 Min:     1 Max:   505 Err:     0 (0.00%)
